This file contains any messages produced by compilers while
running configure, to aid debugging if configure makes a mistake.

It was created by mesos configure 1.2.0, which was
generated by GNU Autoconf 2.69.  Invocation command line was

  $ ./configure CXXFLAGS=-Wno-deprecated-declarations PYTHON_VERSION=2.7

## --------- ##
## Platform. ##
## --------- ##

hostname = bogon
uname -m = x86_64
uname -r = 3.10.0-514.el7.x86_64
uname -s = Linux
uname -v = #1 SMP Tue Nov 22 16:42:41 UTC 2016

/usr/bin/uname -p = x86_64
/bin/uname -X     = unknown

/bin/arch              = x86_64
/usr/bin/arch -k       = unknown
/usr/convex/getsysinfo = unknown
/usr/bin/hostinfo      = unknown
/bin/machine           = unknown
/usr/bin/oslevel       = unknown
/bin/universe          = unknown

PATH: /usr/local/jdk1.8.0_77/bin
PATH: /usr/local/sbin
PATH: /usr/local/bin
PATH: /usr/sbin
PATH: /usr/bin
PATH: /usr/local/apache-maven-3.5.0/bin
PATH: /root/bin


## ----------- ##
## Core tests. ##
## ----------- ##

configure:2870: checking build system type
configure:2884: result: x86_64-unknown-linux-gnu
configure:2904: checking host system type
configure:2917: result: x86_64-unknown-linux-gnu
configure:2938: checking target system type
configure:2951: result: x86_64-unknown-linux-gnu
configure:3076: checking for g++
configure:3092: found /usr/bin/g++
configure:3103: result: g++
configure:3130: checking for C++ compiler version
configure:3139: g++ --version >&5
g++ (GCC) 4.8.5 20150623 (Red Hat 4.8.5-11)
Copyright (C) 2015 Free Software Foundation, Inc.
This is free software; see the source for copying conditions.  There is NO
warranty; not even for MERCHANTABILITY or FITNESS FOR A PARTICULAR PURPOSE.

configure:3150: $? = 0
configure:3139: g++ -v >&5
Using built-in specs.
COLLECT_GCC=g++
COLLECT_LTO_WRAPPER=/usr/libexec/gcc/x86_64-redhat-linux/4.8.5/lto-wrapper
Target: x86_64-redhat-linux
Configured with: ../configure --prefix=/usr --mandir=/usr/share/man --infodir=/usr/share/info --with-bugurl=http://bugzilla.redhat.com/bugzilla --enable-bootstrap --enable-shared --enable-threads=posix --enable-checking=release --with-system-zlib --enable-__cxa_atexit --disable-libunwind-exceptions --enable-gnu-unique-object --enable-linker-build-id --with-linker-hash-style=gnu --enable-languages=c,c++,objc,obj-c++,java,fortran,ada,go,lto --enable-plugin --enable-initfini-array --disable-libgcj --with-isl=/builddir/build/BUILD/gcc-4.8.5-20150702/obj-x86_64-redhat-linux/isl-install --with-cloog=/builddir/build/BUILD/gcc-4.8.5-20150702/obj-x86_64-redhat-linux/cloog-install --enable-gnu-indirect-function --with-tune=generic --with-arch_32=x86-64 --build=x86_64-redhat-linux
Thread model: posix
gcc version 4.8.5 20150623 (Red Hat 4.8.5-11) (GCC) 
configure:3150: $? = 0
configure:3139: g++ -V >&5
g++: error: unrecognized command line option '-V'
g++: fatal error: no input files
compilation terminated.
configure:3150: $? = 4
configure:3139: g++ -qversion >&5
g++: error: unrecognized command line option '-qversion'
g++: fatal error: no input files
compilation terminated.
configure:3150: $? = 4
configure:3170: checking whether the C++ compiler works
configure:3192: g++ -Wno-deprecated-declarations   conftest.cpp  >&5
configure:3196: $? = 0
configure:3244: result: yes
configure:3247: checking for C++ compiler default output file name
configure:3249: result: a.out
configure:3255: checking for suffix of executables
configure:3262: g++ -o conftest -Wno-deprecated-declarations   conftest.cpp  >&5
configure:3266: $? = 0
configure:3288: result: 
configure:3310: checking whether we are cross compiling
configure:3318: g++ -o conftest -Wno-deprecated-declarations   conftest.cpp  >&5
configure:3322: $? = 0
configure:3329: ./conftest
configure:3333: $? = 0
configure:3348: result: no
configure:3353: checking for suffix of object files
configure:3375: g++ -c -Wno-deprecated-declarations  conftest.cpp >&5
configure:3379: $? = 0
configure:3400: result: o
configure:3404: checking whether we are using the GNU C++ compiler
configure:3423: g++ -c -Wno-deprecated-declarations  conftest.cpp >&5
configure:3423: $? = 0
configure:3432: result: yes
configure:3441: checking whether g++ accepts -g
configure:3461: g++ -c -g  conftest.cpp >&5
configure:3461: $? = 0
configure:3502: result: yes
configure:3579: checking for gcc
configure:3595: found /usr/bin/gcc
configure:3606: result: gcc
configure:3637: checking for C compiler version
configure:3646: gcc --version >&5
gcc (GCC) 4.8.5 20150623 (Red Hat 4.8.5-11)
Copyright (C) 2015 Free Software Foundation, Inc.
This is free software; see the source for copying conditions.  There is NO
warranty; not even for MERCHANTABILITY or FITNESS FOR A PARTICULAR PURPOSE.

configure:3657: $? = 0
configure:3646: gcc -v >&5
Using built-in specs.
COLLECT_GCC=gcc
COLLECT_LTO_WRAPPER=/usr/libexec/gcc/x86_64-redhat-linux/4.8.5/lto-wrapper
Target: x86_64-redhat-linux
Configured with: ../configure --prefix=/usr --mandir=/usr/share/man --infodir=/usr/share/info --with-bugurl=http://bugzilla.redhat.com/bugzilla --enable-bootstrap --enable-shared --enable-threads=posix --enable-checking=release --with-system-zlib --enable-__cxa_atexit --disable-libunwind-exceptions --enable-gnu-unique-object --enable-linker-build-id --with-linker-hash-style=gnu --enable-languages=c,c++,objc,obj-c++,java,fortran,ada,go,lto --enable-plugin --enable-initfini-array --disable-libgcj --with-isl=/builddir/build/BUILD/gcc-4.8.5-20150702/obj-x86_64-redhat-linux/isl-install --with-cloog=/builddir/build/BUILD/gcc-4.8.5-20150702/obj-x86_64-redhat-linux/cloog-install --enable-gnu-indirect-function --with-tune=generic --with-arch_32=x86-64 --build=x86_64-redhat-linux
Thread model: posix
gcc version 4.8.5 20150623 (Red Hat 4.8.5-11) (GCC) 
configure:3657: $? = 0
configure:3646: gcc -V >&5
gcc: error: unrecognized command line option '-V'
gcc: fatal error: no input files
compilation terminated.
configure:3657: $? = 4
configure:3646: gcc -qversion >&5
gcc: error: unrecognized command line option '-qversion'
gcc: fatal error: no input files
compilation terminated.
configure:3657: $? = 4
configure:3661: checking whether we are using the GNU C compiler
configure:3680: gcc -c   conftest.c >&5
configure:3680: $? = 0
configure:3689: result: yes
configure:3698: checking whether gcc accepts -g
configure:3718: gcc -c -g  conftest.c >&5
configure:3718: $? = 0
configure:3759: result: yes
configure:3776: checking for gcc option to accept ISO C89
configure:3839: gcc  -c -g -O2  conftest.c >&5
configure:3839: $? = 0
configure:3852: result: none needed
configure:3873: checking whether ln -s works
configure:3877: result: yes
configure:3886: checking for C++ compiler vendor
configure:3933: g++ -c -Wno-deprecated-declarations  conftest.cpp >&5
conftest.cpp: In function 'int main()':
conftest.cpp:15:9: error: 'thisisanerror' was not declared in this scope
         thisisanerror;
         ^
configure:3933: $? = 1
configure: failed program was:
| /* confdefs.h */
| #define PACKAGE_NAME "mesos"
| #define PACKAGE_TARNAME "mesos"
| #define PACKAGE_VERSION "1.2.0"
| #define PACKAGE_STRING "mesos 1.2.0"
| #define PACKAGE_BUGREPORT ""
| #define PACKAGE_URL ""
| /* end confdefs.h.  */
| 
| int
| main ()
| {
| 
|       #if !(defined(__ICC) || defined(__ECC) || defined(__INTEL_COMPILER))
|         thisisanerror;
|       #endif
| 
|   ;
|   return 0;
| }
configure:3933: g++ -c -Wno-deprecated-declarations  conftest.cpp >&5
conftest.cpp: In function 'int main()':
conftest.cpp:15:9: error: 'thisisanerror' was not declared in this scope
         thisisanerror;
         ^
configure:3933: $? = 1
configure: failed program was:
| /* confdefs.h */
| #define PACKAGE_NAME "mesos"
| #define PACKAGE_TARNAME "mesos"
| #define PACKAGE_VERSION "1.2.0"
| #define PACKAGE_STRING "mesos 1.2.0"
| #define PACKAGE_BUGREPORT ""
| #define PACKAGE_URL ""
| /* end confdefs.h.  */
| 
| int
| main ()
| {
| 
|       #if !(defined(__xlc__) || defined(__xlC__) || defined(__IBMC__) || defined(__IBMCPP__))
|         thisisanerror;
|       #endif
| 
|   ;
|   return 0;
| }
configure:3933: g++ -c -Wno-deprecated-declarations  conftest.cpp >&5
conftest.cpp: In function 'int main()':
conftest.cpp:15:9: error: 'thisisanerror' was not declared in this scope
         thisisanerror;
         ^
configure:3933: $? = 1
configure: failed program was:
| /* confdefs.h */
| #define PACKAGE_NAME "mesos"
| #define PACKAGE_TARNAME "mesos"
| #define PACKAGE_VERSION "1.2.0"
| #define PACKAGE_STRING "mesos 1.2.0"
| #define PACKAGE_BUGREPORT ""
| #define PACKAGE_URL ""
| /* end confdefs.h.  */
| 
| int
| main ()
| {
| 
|       #if !(defined(__PATHCC__) || defined(__PATHSCALE__))
|         thisisanerror;
|       #endif
| 
|   ;
|   return 0;
| }
configure:3933: g++ -c -Wno-deprecated-declarations  conftest.cpp >&5
conftest.cpp: In function 'int main()':
conftest.cpp:15:9: error: 'thisisanerror' was not declared in this scope
         thisisanerror;
         ^
configure:3933: $? = 1
configure: failed program was:
| /* confdefs.h */
| #define PACKAGE_NAME "mesos"
| #define PACKAGE_TARNAME "mesos"
| #define PACKAGE_VERSION "1.2.0"
| #define PACKAGE_STRING "mesos 1.2.0"
| #define PACKAGE_BUGREPORT ""
| #define PACKAGE_URL ""
| /* end confdefs.h.  */
| 
| int
| main ()
| {
| 
|       #if !(defined(__clang__))
|         thisisanerror;
|       #endif
| 
|   ;
|   return 0;
| }
configure:3933: g++ -c -Wno-deprecated-declarations  conftest.cpp >&5
conftest.cpp: In function 'int main()':
conftest.cpp:15:9: error: 'thisisanerror' was not declared in this scope
         thisisanerror;
         ^
configure:3933: $? = 1
configure: failed program was:
| /* confdefs.h */
| #define PACKAGE_NAME "mesos"
| #define PACKAGE_TARNAME "mesos"
| #define PACKAGE_VERSION "1.2.0"
| #define PACKAGE_STRING "mesos 1.2.0"
| #define PACKAGE_BUGREPORT ""
| #define PACKAGE_URL ""
| /* end confdefs.h.  */
| 
| int
| main ()
| {
| 
|       #if !(defined(_CRAYC))
|         thisisanerror;
|       #endif
| 
|   ;
|   return 0;
| }
configure:3933: g++ -c -Wno-deprecated-declarations  conftest.cpp >&5
conftest.cpp: In function 'int main()':
conftest.cpp:15:9: error: 'thisisanerror' was not declared in this scope
         thisisanerror;
         ^
configure:3933: $? = 1
configure: failed program was:
| /* confdefs.h */
| #define PACKAGE_NAME "mesos"
| #define PACKAGE_TARNAME "mesos"
| #define PACKAGE_VERSION "1.2.0"
| #define PACKAGE_STRING "mesos 1.2.0"
| #define PACKAGE_BUGREPORT ""
| #define PACKAGE_URL ""
| /* end confdefs.h.  */
| 
| int
| main ()
| {
| 
|       #if !(defined(__FUJITSU))
|         thisisanerror;
|       #endif
| 
|   ;
|   return 0;
| }
configure:3933: g++ -c -Wno-deprecated-declarations  conftest.cpp >&5
configure:3933: $? = 0
configure:3941: result: gnu
configure:3944: checking for a sed that does not truncate output
configure:4008: result: /usr/bin/sed
configure:4015: checking for C++ compiler version
configure:4237: g++ -o conftest -Wno-deprecated-declarations   conftest.cpp  >&5
configure:4237: $? = 0
configure:4237: ./conftest
configure:4237: $? = 0
configure:4246: g++ -o conftest -Wno-deprecated-declarations   conftest.cpp  >&5
configure:4246: $? = 0
configure:4246: ./conftest
configure:4246: $? = 0
configure:4255: g++ -o conftest -Wno-deprecated-declarations   conftest.cpp  >&5
configure:4255: $? = 0
configure:4255: ./conftest
configure:4255: $? = 0
configure:4920: result: 4.8.5
configure:4923: checking for C++ compiler vendor
configure:4978: result: gnu
configure:5003: checking for a BSD-compatible install
configure:5071: result: /usr/bin/install -c
configure:5082: checking whether build environment is sane
configure:5137: result: yes
configure:5288: checking for a thread-safe mkdir -p
configure:5327: result: /usr/bin/mkdir -p
configure:5334: checking for gawk
configure:5350: found /usr/bin/gawk
configure:5361: result: gawk
configure:5372: checking whether make sets $(MAKE)
configure:5394: result: yes
configure:5424: checking for style of include used by make
configure:5452: result: GNU
configure:5486: checking whether make supports nested variables
configure:5503: result: yes
configure:5588: checking dependency style of gcc
configure:5699: result: gcc3
configure:5716: checking dependency style of g++
configure:5827: result: gcc3
configure:5844: checking whether to enable maintainer-specific portions of Makefiles
configure:5853: result: yes
configure:5917: checking for ar
configure:5933: found /usr/bin/ar
configure:5944: result: ar
configure:5970: checking the archiver (ar) interface
configure:5980: g++ -c -Wno-deprecated-declarations  conftest.cpp >&5
configure:5980: $? = 0
configure:5982: ar cru libconftest.a conftest.o >&5
configure:5985: $? = 0
configure:6008: result: ar
configure:6078: checking how to print strings
configure:6105: result: printf
configure:6126: checking for a sed that does not truncate output
configure:6190: result: /usr/bin/sed
configure:6208: checking for grep that handles long lines and -e
configure:6266: result: /usr/bin/grep
configure:6271: checking for egrep
configure:6333: result: /usr/bin/grep -E
configure:6338: checking for fgrep
configure:6400: result: /usr/bin/grep -F
configure:6435: checking for ld used by gcc
configure:6502: result: /usr/bin/ld
configure:6509: checking if the linker (/usr/bin/ld) is GNU ld
configure:6524: result: yes
configure:6536: checking for BSD- or MS-compatible name lister (nm)
configure:6585: result: /usr/bin/nm -B
configure:6715: checking the name lister (/usr/bin/nm -B) interface
configure:6722: g++ -c -Wno-deprecated-declarations  conftest.cpp >&5
configure:6725: /usr/bin/nm -B "conftest.o"
configure:6728: output
0000000000000000 B some_variable
configure:6735: result: BSD nm
configure:6739: checking the maximum length of command line arguments
configure:6869: result: 1572864
configure:6886: checking whether the shell understands some XSI constructs
configure:6896: result: yes
configure:6900: checking whether the shell understands "+="
configure:6906: result: yes
configure:6941: checking how to convert x86_64-unknown-linux-gnu file names to x86_64-unknown-linux-gnu format
configure:6981: result: func_convert_file_noop
configure:6988: checking how to convert x86_64-unknown-linux-gnu file names to toolchain format
configure:7008: result: func_convert_file_noop
configure:7015: checking for /usr/bin/ld option to reload object files
configure:7022: result: -r
configure:7096: checking for objdump
configure:7112: found /usr/bin/objdump
configure:7123: result: objdump
configure:7155: checking how to recognize dependent libraries
configure:7357: result: pass_all
configure:7442: checking for dlltool
configure:7472: result: no
configure:7502: checking how to associate runtime and link libraries
configure:7529: result: printf %s\n
configure:7653: checking for archiver @FILE support
configure:7670: g++ -c -Wno-deprecated-declarations  conftest.cpp >&5
configure:7670: $? = 0
configure:7673: ar cru libconftest.a @conftest.lst >&5
configure:7676: $? = 0
configure:7681: ar cru libconftest.a @conftest.lst >&5
ar: conftest.o: No such file or directory
configure:7684: $? = 1
configure:7696: result: @
configure:7754: checking for strip
configure:7770: found /usr/bin/strip
configure:7781: result: strip
configure:7853: checking for ranlib
configure:7869: found /usr/bin/ranlib
configure:7880: result: ranlib
configure:7982: checking command to parse /usr/bin/nm -B output from gcc object
configure:8102: g++ -c -Wno-deprecated-declarations  conftest.cpp >&5
configure:8105: $? = 0
configure:8109: /usr/bin/nm -B conftest.o \| sed -n -e 's/^.*[ ]\([ABCDGIRSTW][ABCDGIRSTW]*\)[ ][ ]*\([_A-Za-z][_A-Za-z0-9]*\)$/\1 \2 \2/p' | sed '/ __gnu_lto/d' \> conftest.nm
configure:8112: $? = 0
configure:8178: g++ -o conftest -Wno-deprecated-declarations   conftest.cpp conftstm.o >&5
configure:8181: $? = 0
configure:8219: result: ok
configure:8256: checking for sysroot
configure:8286: result: no
configure:8364: g++ -c -Wno-deprecated-declarations  conftest.cpp >&5
configure:8367: $? = 0
configure:8543: checking for mt
configure:8573: result: no
configure:8593: checking if : is a manifest tool
configure:8599: : '-?'
configure:8607: result: no
configure:9249: checking how to run the C preprocessor
configure:9280: gcc -E  conftest.c
configure:9280: $? = 0
configure:9294: gcc -E  conftest.c
conftest.c:11:28: fatal error: ac_nonexistent.h: No such file or directory
 #include <ac_nonexistent.h>
                            ^
compilation terminated.
configure:9294: $? = 1
configure: failed program was:
| /* confdefs.h */
| #define PACKAGE_NAME "mesos"
| #define PACKAGE_TARNAME "mesos"
| #define PACKAGE_VERSION "1.2.0"
| #define PACKAGE_STRING "mesos 1.2.0"
| #define PACKAGE_BUGREPORT ""
| #define PACKAGE_URL ""
| #define PACKAGE "mesos"
| #define VERSION "1.2.0"
| /* end confdefs.h.  */
| #include <ac_nonexistent.h>
configure:9319: result: gcc -E
configure:9339: gcc -E  conftest.c
configure:9339: $? = 0
configure:9353: gcc -E  conftest.c
conftest.c:11:28: fatal error: ac_nonexistent.h: No such file or directory
 #include <ac_nonexistent.h>
                            ^
compilation terminated.
configure:9353: $? = 1
configure: failed program was:
| /* confdefs.h */
| #define PACKAGE_NAME "mesos"
| #define PACKAGE_TARNAME "mesos"
| #define PACKAGE_VERSION "1.2.0"
| #define PACKAGE_STRING "mesos 1.2.0"
| #define PACKAGE_BUGREPORT ""
| #define PACKAGE_URL ""
| #define PACKAGE "mesos"
| #define VERSION "1.2.0"
| /* end confdefs.h.  */
| #include <ac_nonexistent.h>
configure:9382: checking for ANSI C header files
configure:9402: gcc -c -g -O2  conftest.c >&5
configure:9402: $? = 0
configure:9475: gcc -o conftest -g -O2   conftest.c  >&5
configure:9475: $? = 0
configure:9475: ./conftest
configure:9475: $? = 0
configure:9486: result: yes
configure:9499: checking for sys/types.h
configure:9499: gcc -c -g -O2  conftest.c >&5
configure:9499: $? = 0
configure:9499: result: yes
configure:9499: checking for sys/stat.h
configure:9499: gcc -c -g -O2  conftest.c >&5
configure:9499: $? = 0
configure:9499: result: yes
configure:9499: checking for stdlib.h
configure:9499: gcc -c -g -O2  conftest.c >&5
configure:9499: $? = 0
configure:9499: result: yes
configure:9499: checking for string.h
configure:9499: gcc -c -g -O2  conftest.c >&5
configure:9499: $? = 0
configure:9499: result: yes
configure:9499: checking for memory.h
configure:9499: gcc -c -g -O2  conftest.c >&5
configure:9499: $? = 0
configure:9499: result: yes
configure:9499: checking for strings.h
configure:9499: gcc -c -g -O2  conftest.c >&5
configure:9499: $? = 0
configure:9499: result: yes
configure:9499: checking for inttypes.h
configure:9499: gcc -c -g -O2  conftest.c >&5
configure:9499: $? = 0
configure:9499: result: yes
configure:9499: checking for stdint.h
configure:9499: gcc -c -g -O2  conftest.c >&5
configure:9499: $? = 0
configure:9499: result: yes
configure:9499: checking for unistd.h
configure:9499: gcc -c -g -O2  conftest.c >&5
configure:9499: $? = 0
configure:9499: result: yes
configure:9513: checking for dlfcn.h
configure:9513: gcc -c -g -O2  conftest.c >&5
configure:9513: $? = 0
configure:9513: result: yes
configure:9699: checking for objdir
configure:9714: result: .libs
configure:9985: checking if gcc supports -fno-rtti -fno-exceptions
configure:10003: gcc -c -g -O2  -fno-rtti -fno-exceptions conftest.c >&5
cc1: warning: command line option '-fno-rtti' is valid for C++/ObjC++ but not for C [enabled by default]
configure:10007: $? = 0
configure:10020: result: no
configure:10347: checking for gcc option to produce PIC
configure:10354: result: -fPIC -DPIC
configure:10362: checking if gcc PIC flag -fPIC -DPIC works
configure:10380: gcc -c -g -O2  -fPIC -DPIC -DPIC conftest.c >&5
configure:10384: $? = 0
configure:10397: result: yes
configure:10426: checking if gcc static flag -static works
configure:10454: result: no
configure:10469: checking if gcc supports -c -o file.o
configure:10490: gcc -c -g -O2  -o out/conftest2.o conftest.c >&5
configure:10494: $? = 0
configure:10516: result: yes
configure:10524: checking if gcc supports -c -o file.o
configure:10571: result: yes
configure:10604: checking whether the gcc linker (/usr/bin/ld -m elf_x86_64) supports shared libraries
configure:11757: result: yes
configure:11794: checking whether -lc should be explicitly linked in
configure:11802: gcc -c -g -O2  conftest.c >&5
configure:11805: $? = 0
configure:11820: gcc -shared  -fPIC -DPIC conftest.o  -v -Wl,-soname -Wl,conftest -o conftest 2\>\&1 \| /usr/bin/grep  -lc  \>/dev/null 2\>\&1
configure:11823: $? = 0
configure:11837: result: no
configure:11997: checking dynamic linker characteristics
configure:12508: gcc -o conftest -g -O2   -Wl,-rpath -Wl,/foo conftest.c  >&5
configure:12508: $? = 0
configure:12734: result: GNU/Linux ld.so
configure:12841: checking how to hardcode library paths into programs
configure:12866: result: immediate
configure:13406: checking whether stripping libraries is possible
configure:13411: result: yes
configure:13446: checking if libtool supports shared libraries
configure:13448: result: yes
configure:13451: checking whether to build shared libraries
configure:13472: result: yes
configure:13475: checking whether to build static libraries
configure:13479: result: no
configure:13502: checking how to run the C++ preprocessor
configure:13529: g++ -E  conftest.cpp
configure:13529: $? = 0
configure:13543: g++ -E  conftest.cpp
conftest.cpp:23:28: fatal error: ac_nonexistent.h: No such file or directory
 #include <ac_nonexistent.h>
                            ^
compilation terminated.
configure:13543: $? = 1
configure: failed program was:
| /* confdefs.h */
| #define PACKAGE_NAME "mesos"
| #define PACKAGE_TARNAME "mesos"
| #define PACKAGE_VERSION "1.2.0"
| #define PACKAGE_STRING "mesos 1.2.0"
| #define PACKAGE_BUGREPORT ""
| #define PACKAGE_URL ""
| #define PACKAGE "mesos"
| #define VERSION "1.2.0"
| #define STDC_HEADERS 1
| #define HAVE_SYS_TYPES_H 1
| #define HAVE_SYS_STAT_H 1
| #define HAVE_STDLIB_H 1
| #define HAVE_STRING_H 1
| #define HAVE_MEMORY_H 1
| #define HAVE_STRINGS_H 1
| #define HAVE_INTTYPES_H 1
| #define HAVE_STDINT_H 1
| #define HAVE_UNISTD_H 1
| #define HAVE_DLFCN_H 1
| #define LT_OBJDIR ".libs/"
| /* end confdefs.h.  */
| #include <ac_nonexistent.h>
configure:13568: result: g++ -E
configure:13588: g++ -E  conftest.cpp
configure:13588: $? = 0
configure:13602: g++ -E  conftest.cpp
conftest.cpp:23:28: fatal error: ac_nonexistent.h: No such file or directory
 #include <ac_nonexistent.h>
                            ^
compilation terminated.
configure:13602: $? = 1
configure: failed program was:
| /* confdefs.h */
| #define PACKAGE_NAME "mesos"
| #define PACKAGE_TARNAME "mesos"
| #define PACKAGE_VERSION "1.2.0"
| #define PACKAGE_STRING "mesos 1.2.0"
| #define PACKAGE_BUGREPORT ""
| #define PACKAGE_URL ""
| #define PACKAGE "mesos"
| #define VERSION "1.2.0"
| #define STDC_HEADERS 1
| #define HAVE_SYS_TYPES_H 1
| #define HAVE_SYS_STAT_H 1
| #define HAVE_STDLIB_H 1
| #define HAVE_STRING_H 1
| #define HAVE_MEMORY_H 1
| #define HAVE_STRINGS_H 1
| #define HAVE_INTTYPES_H 1
| #define HAVE_STDINT_H 1
| #define HAVE_UNISTD_H 1
| #define HAVE_DLFCN_H 1
| #define LT_OBJDIR ".libs/"
| /* end confdefs.h.  */
| #include <ac_nonexistent.h>
configure:13771: checking for ld used by g++
configure:13838: result: /usr/bin/ld -m elf_x86_64
configure:13845: checking if the linker (/usr/bin/ld -m elf_x86_64) is GNU ld
configure:13860: result: yes
configure:13915: checking whether the g++ linker (/usr/bin/ld -m elf_x86_64) supports shared libraries
configure:14920: result: yes
configure:14956: g++ -c -Wno-deprecated-declarations  conftest.cpp >&5
configure:14959: $? = 0
configure:15479: checking for g++ option to produce PIC
configure:15486: result: -fPIC -DPIC
configure:15494: checking if g++ PIC flag -fPIC -DPIC works
configure:15512: g++ -c -Wno-deprecated-declarations  -fPIC -DPIC -DPIC conftest.cpp >&5
configure:15516: $? = 0
configure:15529: result: yes
configure:15552: checking if g++ static flag -static works
configure:15580: result: no
configure:15592: checking if g++ supports -c -o file.o
configure:15613: g++ -c -Wno-deprecated-declarations  -o out/conftest2.o conftest.cpp >&5
configure:15617: $? = 0
configure:15639: result: yes
configure:15644: checking if g++ supports -c -o file.o
configure:15691: result: yes
configure:15721: checking whether the g++ linker (/usr/bin/ld -m elf_x86_64) supports shared libraries
configure:15757: result: yes
configure:15898: checking dynamic linker characteristics
configure:16569: result: GNU/Linux ld.so
configure:16622: checking how to hardcode library paths into programs
configure:16647: result: immediate
configure:16710: creating ./config.lt

## ------------------ ##
## Running config.lt. ##
## ------------------ ##
config.lt:681: creating libtool
configure:18949: Setting up CXXFLAGS for g++ version >= 4.8
configure:18975: checking whether C++ compiler accepts -fstack-protector-strong
configure:18994: g++ -c -Wno-deprecated-declarations -Wno-unused-local-typedefs  -fstack-protector-strong  conftest.cpp >&5
configure:18994: $? = 0
configure:19002: result: yes
configure:19022: checking whether g++ supports C++11 features by default
configure:19316: g++ -c -Wno-deprecated-declarations -Wno-unused-local-typedefs  conftest.cpp >&5
conftest.cpp:34:2: error: #error "This is not a C++11 compiler"
 #error "This is not a C++11 compiler"
  ^
configure:19316: $? = 1
configure: failed program was:
| /* confdefs.h */
| #define PACKAGE_NAME "mesos"
| #define PACKAGE_TARNAME "mesos"
| #define PACKAGE_VERSION "1.2.0"
| #define PACKAGE_STRING "mesos 1.2.0"
| #define PACKAGE_BUGREPORT ""
| #define PACKAGE_URL ""
| #define PACKAGE "mesos"
| #define VERSION "1.2.0"
| #define STDC_HEADERS 1
| #define HAVE_SYS_TYPES_H 1
| #define HAVE_SYS_STAT_H 1
| #define HAVE_STDLIB_H 1
| #define HAVE_STRING_H 1
| #define HAVE_MEMORY_H 1
| #define HAVE_STRINGS_H 1
| #define HAVE_INTTYPES_H 1
| #define HAVE_STDINT_H 1
| #define HAVE_UNISTD_H 1
| #define HAVE_DLFCN_H 1
| #define LT_OBJDIR ".libs/"
| /* end confdefs.h.  */
| 
| 
| // If the compiler admits that it is not ready for C++11, why torture it?
| // Hopefully, this will speed up the test.
| 
| #ifndef __cplusplus
| 
| #error "This is not a C++ compiler"
| 
| #elif __cplusplus < 201103L
| 
| #error "This is not a C++11 compiler"
| 
| #else
| 
| namespace cxx11
| {
| 
|   namespace test_static_assert
|   {
| 
|     template <typename T>
|     struct check
|     {
|       static_assert(sizeof(int) <= sizeof(T), "not big enough");
|     };
| 
|   }
| 
|   namespace test_final_override
|   {
| 
|     struct Base
|     {
|       virtual void f() {}
|     };
| 
|     struct Derived : public Base
|     {
|       virtual void f() override {}
|     };
| 
|   }
| 
|   namespace test_double_right_angle_brackets
|   {
| 
|     template < typename T >
|     struct check {};
| 
|     typedef check<void> single_type;
|     typedef check<check<void>> double_type;
|     typedef check<check<check<void>>> triple_type;
|     typedef check<check<check<check<void>>>> quadruple_type;
| 
|   }
| 
|   namespace test_decltype
|   {
| 
|     int
|     f()
|     {
|       int a = 1;
|       decltype(a) b = 2;
|       return a + b;
|     }
| 
|   }
| 
|   namespace test_type_deduction
|   {
| 
|     template < typename T1, typename T2 >
|     struct is_same
|     {
|       static const bool value = false;
|     };
| 
|     template < typename T >
|     struct is_same<T, T>
|     {
|       static const bool value = true;
|     };
| 
|     template < typename T1, typename T2 >
|     auto
|     add(T1 a1, T2 a2) -> decltype(a1 + a2)
|     {
|       return a1 + a2;
|     }
| 
|     int
|     test(const int c, volatile int v)
|     {
|       static_assert(is_same<int, decltype(0)>::value == true, "");
|       static_assert(is_same<int, decltype(c)>::value == false, "");
|       static_assert(is_same<int, decltype(v)>::value == false, "");
|       auto ac = c;
|       auto av = v;
|       auto sumi = ac + av + 'x';
|       auto sumf = ac + av + 1.0;
|       static_assert(is_same<int, decltype(ac)>::value == true, "");
|       static_assert(is_same<int, decltype(av)>::value == true, "");
|       static_assert(is_same<int, decltype(sumi)>::value == true, "");
|       static_assert(is_same<int, decltype(sumf)>::value == false, "");
|       static_assert(is_same<int, decltype(add(c, v))>::value == true, "");
|       return (sumf > 0.0) ? sumi : add(c, v);
|     }
| 
|   }
| 
|   namespace test_noexcept
|   {
| 
|     int f() { return 0; }
|     int g() noexcept { return 0; }
| 
|     static_assert(noexcept(f()) == false, "");
|     static_assert(noexcept(g()) == true, "");
| 
|   }
| 
|   namespace test_constexpr
|   {
| 
|     template < typename CharT >
|     unsigned long constexpr
|     strlen_c_r(const CharT *const s, const unsigned long acc) noexcept
|     {
|       return *s ? strlen_c_r(s + 1, acc + 1) : acc;
|     }
| 
|     template < typename CharT >
|     unsigned long constexpr
|     strlen_c(const CharT *const s) noexcept
|     {
|       return strlen_c_r(s, 0UL);
|     }
| 
|     static_assert(strlen_c("") == 0UL, "");
|     static_assert(strlen_c("1") == 1UL, "");
|     static_assert(strlen_c("example") == 7UL, "");
|     static_assert(strlen_c("another\0example") == 7UL, "");
| 
|   }
| 
|   namespace test_rvalue_references
|   {
| 
|     template < int N >
|     struct answer
|     {
|       static constexpr int value = N;
|     };
| 
|     answer<1> f(int&)       { return answer<1>(); }
|     answer<2> f(const int&) { return answer<2>(); }
|     answer<3> f(int&&)      { return answer<3>(); }
| 
|     void
|     test()
|     {
|       int i = 0;
|       const int c = 0;
|       static_assert(decltype(f(i))::value == 1, "");
|       static_assert(decltype(f(c))::value == 2, "");
|       static_assert(decltype(f(0))::value == 3, "");
|     }
| 
|   }
| 
|   namespace test_uniform_initialization
|   {
| 
|     struct test
|     {
|       static const int zero {};
|       static const int one {1};
|     };
| 
|     static_assert(test::zero == 0, "");
|     static_assert(test::one == 1, "");
| 
|   }
| 
|   namespace test_lambdas
|   {
| 
|     void
|     test1()
|     {
|       auto lambda1 = [](){};
|       auto lambda2 = lambda1;
|       lambda1();
|       lambda2();
|     }
| 
|     int
|     test2()
|     {
|       auto a = [](int i, int j){ return i + j; }(1, 2);
|       auto b = []() -> int { return '0'; }();
|       auto c = [=](){ return a + b; }();
|       auto d = [&](){ return c; }();
|       auto e = [a, &b](int x) mutable {
|         const auto identity = [](int y){ return y; };
|         for (auto i = 0; i < a; ++i)
|           a += b--;
|         return x + identity(a + b);
|       }(0);
|       return a + b + c + d + e;
|     }
| 
|     int
|     test3()
|     {
|       const auto nullary = [](){ return 0; };
|       const auto unary = [](int x){ return x; };
|       using nullary_t = decltype(nullary);
|       using unary_t = decltype(unary);
|       const auto higher1st = [](nullary_t f){ return f(); };
|       const auto higher2nd = [unary](nullary_t f1){
|         return [unary, f1](unary_t f2){ return f2(unary(f1())); };
|       };
|       return higher1st(nullary) + higher2nd(nullary)(unary);
|     }
| 
|   }
| 
|   namespace test_variadic_templates
|   {
| 
|     template <int...>
|     struct sum;
| 
|     template <int N0, int... N1toN>
|     struct sum<N0, N1toN...>
|     {
|       static constexpr auto value = N0 + sum<N1toN...>::value;
|     };
| 
|     template <>
|     struct sum<>
|     {
|       static constexpr auto value = 0;
|     };
| 
|     static_assert(sum<>::value == 0, "");
|     static_assert(sum<1>::value == 1, "");
|     static_assert(sum<23>::value == 23, "");
|     static_assert(sum<1, 2>::value == 3, "");
|     static_assert(sum<5, 5, 11>::value == 21, "");
|     static_assert(sum<2, 3, 5, 7, 11, 13>::value == 41, "");
| 
|   }
| 
|   // http://stackoverflow.com/questions/13728184/template-aliases-and-sfinae
|   // Clang 3.1 fails with headers of libstd++ 4.8.3 when using std::function
|   // because of this.
|   namespace test_template_alias_sfinae
|   {
| 
|     struct foo {};
| 
|     template<typename T>
|     using member = typename T::member_type;
| 
|     template<typename T>
|     void func(...) {}
| 
|     template<typename T>
|     void func(member<T>*) {}
| 
|     void test();
| 
|     void test() { func<foo>(0); }
| 
|   }
| 
| }  // namespace cxx11
| 
| #endif  // __cplusplus >= 201103L
| 
| 
| 
configure:19323: result: no
configure:19333: checking whether g++ supports C++11 features with -std=c++11
configure:19629: g++ -c -Wno-deprecated-declarations -Wno-unused-local-typedefs -std=c++11  conftest.cpp >&5
configure:19629: $? = 0
configure:19638: result: yes
configure:19696: g++ -c -Wno-deprecated-declarations -Wno-unused-local-typedefs -std=c++11  conftest.cpp >&5
configure:19696: $? = 0
configure:19884: checking if compiler needs -Werror to reject unknown flags
configure:19900: gcc -c -g1 -O0 -Wno-unused-local-typedefs -Werror -Wunknown-warning-option -Wsizeof-array-argument  conftest.c >&5
gcc: error: unrecognized command line option '-Wunknown-warning-option'
gcc: error: unrecognized command line option '-Wsizeof-array-argument'
configure:19900: $? = 1
configure: failed program was:
| /* confdefs.h */
| #define PACKAGE_NAME "mesos"
| #define PACKAGE_TARNAME "mesos"
| #define PACKAGE_VERSION "1.2.0"
| #define PACKAGE_STRING "mesos 1.2.0"
| #define PACKAGE_BUGREPORT ""
| #define PACKAGE_URL ""
| #define PACKAGE "mesos"
| #define VERSION "1.2.0"
| #define STDC_HEADERS 1
| #define HAVE_SYS_TYPES_H 1
| #define HAVE_SYS_STAT_H 1
| #define HAVE_STDLIB_H 1
| #define HAVE_STRING_H 1
| #define HAVE_MEMORY_H 1
| #define HAVE_STRINGS_H 1
| #define HAVE_INTTYPES_H 1
| #define HAVE_STDINT_H 1
| #define HAVE_UNISTD_H 1
| #define HAVE_DLFCN_H 1
| #define LT_OBJDIR ".libs/"
| #define HAVE_CXX11 1
| /* end confdefs.h.  */
| int foo();
| int
| main ()
| {
| foo()
|   ;
|   return 0;
| }
configure:19905: result: no
configure:19971: checking for the pthreads library -lpthreads
configure:20009: gcc -o conftest -g1 -O0 -Wno-unused-local-typedefs     conftest.c -lpthreads  >&5
/usr/bin/ld: cannot find -lpthreads
collect2: error: ld returned 1 exit status
configure:20009: $? = 1
configure: failed program was:
| /* confdefs.h */
| #define PACKAGE_NAME "mesos"
| #define PACKAGE_TARNAME "mesos"
| #define PACKAGE_VERSION "1.2.0"
| #define PACKAGE_STRING "mesos 1.2.0"
| #define PACKAGE_BUGREPORT ""
| #define PACKAGE_URL ""
| #define PACKAGE "mesos"
| #define VERSION "1.2.0"
| #define STDC_HEADERS 1
| #define HAVE_SYS_TYPES_H 1
| #define HAVE_SYS_STAT_H 1
| #define HAVE_STDLIB_H 1
| #define HAVE_STRING_H 1
| #define HAVE_MEMORY_H 1
| #define HAVE_STRINGS_H 1
| #define HAVE_INTTYPES_H 1
| #define HAVE_STDINT_H 1
| #define HAVE_UNISTD_H 1
| #define HAVE_DLFCN_H 1
| #define LT_OBJDIR ".libs/"
| #define HAVE_CXX11 1
| /* end confdefs.h.  */
| #include <pthread.h>
|                         static void routine(void *a) { a = 0; }
|                         static void *start_routine(void *a) { return a; }
| int
| main ()
| {
| pthread_t th; pthread_attr_t attr;
|                         pthread_create(&th, 0, start_routine, 0);
|                         pthread_join(th, 0);
|                         pthread_attr_init(&attr);
|                         pthread_cleanup_push(routine, 0);
|                         pthread_cleanup_pop(0) /* ; */
|   ;
|   return 0;
| }
configure:20018: result: no
configure:19916: checking whether pthreads work without any flags
configure:20009: gcc -o conftest -g1 -O0 -Wno-unused-local-typedefs     conftest.c   >&5
/tmp/ccvbGMP0.o: In function `main':
conftest.c:(.text+0x42): undefined reference to `pthread_create'
conftest.c:(.text+0x53): undefined reference to `pthread_join'
conftest.c:(.text+0xbb): undefined reference to `__pthread_register_cancel'
conftest.c:(.text+0xca): undefined reference to `__pthread_unregister_cancel'
collect2: error: ld returned 1 exit status
configure:20009: $? = 1
configure: failed program was:
| /* confdefs.h */
| #define PACKAGE_NAME "mesos"
| #define PACKAGE_TARNAME "mesos"
| #define PACKAGE_VERSION "1.2.0"
| #define PACKAGE_STRING "mesos 1.2.0"
| #define PACKAGE_BUGREPORT ""
| #define PACKAGE_URL ""
| #define PACKAGE "mesos"
| #define VERSION "1.2.0"
| #define STDC_HEADERS 1
| #define HAVE_SYS_TYPES_H 1
| #define HAVE_SYS_STAT_H 1
| #define HAVE_STDLIB_H 1
| #define HAVE_STRING_H 1
| #define HAVE_MEMORY_H 1
| #define HAVE_STRINGS_H 1
| #define HAVE_INTTYPES_H 1
| #define HAVE_STDINT_H 1
| #define HAVE_UNISTD_H 1
| #define HAVE_DLFCN_H 1
| #define LT_OBJDIR ".libs/"
| #define HAVE_CXX11 1
| /* end confdefs.h.  */
| #include <pthread.h>
|                         static void routine(void *a) { a = 0; }
|                         static void *start_routine(void *a) { return a; }
| int
| main ()
| {
| pthread_t th; pthread_attr_t attr;
|                         pthread_create(&th, 0, start_routine, 0);
|                         pthread_join(th, 0);
|                         pthread_attr_init(&attr);
|                         pthread_cleanup_push(routine, 0);
|                         pthread_cleanup_pop(0) /* ; */
|   ;
|   return 0;
| }
configure:20018: result: no
configure:19921: checking whether pthreads work with -Kthread
configure:20009: gcc -o conftest -g1 -O0 -Wno-unused-local-typedefs -Kthread    conftest.c   >&5
gcc: error: unrecognized command line option '-Kthread'
configure:20009: $? = 1
configure: failed program was:
| /* confdefs.h */
| #define PACKAGE_NAME "mesos"
| #define PACKAGE_TARNAME "mesos"
| #define PACKAGE_VERSION "1.2.0"
| #define PACKAGE_STRING "mesos 1.2.0"
| #define PACKAGE_BUGREPORT ""
| #define PACKAGE_URL ""
| #define PACKAGE "mesos"
| #define VERSION "1.2.0"
| #define STDC_HEADERS 1
| #define HAVE_SYS_TYPES_H 1
| #define HAVE_SYS_STAT_H 1
| #define HAVE_STDLIB_H 1
| #define HAVE_STRING_H 1
| #define HAVE_MEMORY_H 1
| #define HAVE_STRINGS_H 1
| #define HAVE_INTTYPES_H 1
| #define HAVE_STDINT_H 1
| #define HAVE_UNISTD_H 1
| #define HAVE_DLFCN_H 1
| #define LT_OBJDIR ".libs/"
| #define HAVE_CXX11 1
| /* end confdefs.h.  */
| #include <pthread.h>
|                         static void routine(void *a) { a = 0; }
|                         static void *start_routine(void *a) { return a; }
| int
| main ()
| {
| pthread_t th; pthread_attr_t attr;
|                         pthread_create(&th, 0, start_routine, 0);
|                         pthread_join(th, 0);
|                         pthread_attr_init(&attr);
|                         pthread_cleanup_push(routine, 0);
|                         pthread_cleanup_pop(0) /* ; */
|   ;
|   return 0;
| }
configure:20018: result: no
configure:19921: checking whether pthreads work with -kthread
configure:20009: gcc -o conftest -g1 -O0 -Wno-unused-local-typedefs -kthread    conftest.c   >&5
gcc: error: unrecognized command line option '-kthread'
configure:20009: $? = 1
configure: failed program was:
| /* confdefs.h */
| #define PACKAGE_NAME "mesos"
| #define PACKAGE_TARNAME "mesos"
| #define PACKAGE_VERSION "1.2.0"
| #define PACKAGE_STRING "mesos 1.2.0"
| #define PACKAGE_BUGREPORT ""
| #define PACKAGE_URL ""
| #define PACKAGE "mesos"
| #define VERSION "1.2.0"
| #define STDC_HEADERS 1
| #define HAVE_SYS_TYPES_H 1
| #define HAVE_SYS_STAT_H 1
| #define HAVE_STDLIB_H 1
| #define HAVE_STRING_H 1
| #define HAVE_MEMORY_H 1
| #define HAVE_STRINGS_H 1
| #define HAVE_INTTYPES_H 1
| #define HAVE_STDINT_H 1
| #define HAVE_UNISTD_H 1
| #define HAVE_DLFCN_H 1
| #define LT_OBJDIR ".libs/"
| #define HAVE_CXX11 1
| /* end confdefs.h.  */
| #include <pthread.h>
|                         static void routine(void *a) { a = 0; }
|                         static void *start_routine(void *a) { return a; }
| int
| main ()
| {
| pthread_t th; pthread_attr_t attr;
|                         pthread_create(&th, 0, start_routine, 0);
|                         pthread_join(th, 0);
|                         pthread_attr_init(&attr);
|                         pthread_cleanup_push(routine, 0);
|                         pthread_cleanup_pop(0) /* ; */
|   ;
|   return 0;
| }
configure:20018: result: no
configure:19971: checking for the pthreads library -llthread
configure:20009: gcc -o conftest -g1 -O0 -Wno-unused-local-typedefs     conftest.c -llthread  >&5
/usr/bin/ld: cannot find -llthread
collect2: error: ld returned 1 exit status
configure:20009: $? = 1
configure: failed program was:
| /* confdefs.h */
| #define PACKAGE_NAME "mesos"
| #define PACKAGE_TARNAME "mesos"
| #define PACKAGE_VERSION "1.2.0"
| #define PACKAGE_STRING "mesos 1.2.0"
| #define PACKAGE_BUGREPORT ""
| #define PACKAGE_URL ""
| #define PACKAGE "mesos"
| #define VERSION "1.2.0"
| #define STDC_HEADERS 1
| #define HAVE_SYS_TYPES_H 1
| #define HAVE_SYS_STAT_H 1
| #define HAVE_STDLIB_H 1
| #define HAVE_STRING_H 1
| #define HAVE_MEMORY_H 1
| #define HAVE_STRINGS_H 1
| #define HAVE_INTTYPES_H 1
| #define HAVE_STDINT_H 1
| #define HAVE_UNISTD_H 1
| #define HAVE_DLFCN_H 1
| #define LT_OBJDIR ".libs/"
| #define HAVE_CXX11 1
| /* end confdefs.h.  */
| #include <pthread.h>
|                         static void routine(void *a) { a = 0; }
|                         static void *start_routine(void *a) { return a; }
| int
| main ()
| {
| pthread_t th; pthread_attr_t attr;
|                         pthread_create(&th, 0, start_routine, 0);
|                         pthread_join(th, 0);
|                         pthread_attr_init(&attr);
|                         pthread_cleanup_push(routine, 0);
|                         pthread_cleanup_pop(0) /* ; */
|   ;
|   return 0;
| }
configure:20018: result: no
configure:19921: checking whether pthreads work with -pthread
configure:20009: gcc -o conftest -g1 -O0 -Wno-unused-local-typedefs -pthread    conftest.c   >&5
configure:20009: $? = 0
configure:20018: result: yes
configure:20037: checking for joinable pthread attribute
configure:20052: gcc -o conftest -g1 -O0 -Wno-unused-local-typedefs -pthread   conftest.c   >&5
configure:20052: $? = 0
configure:20058: result: PTHREAD_CREATE_JOINABLE
configure:20068: checking if more special flags are required for pthreads
configure:20083: result: no
configure:20089: checking for PTHREAD_PRIO_INHERIT
configure:20106: gcc -o conftest -g1 -O0 -Wno-unused-local-typedefs -pthread   conftest.c   >&5
configure:20106: $? = 0
configure:20115: result: yes
configure:20232: Setting up build environment for x86_64 linux-gnu
configure:20368: checking for backtrace in -lunwind
configure:20393: g++ -o conftest -Wno-deprecated-declarations -Wno-unused-local-typedefs -std=c++11   conftest.cpp -lunwind   -lrt >&5
/usr/bin/ld: cannot find -lunwind
collect2: error: ld returned 1 exit status
configure:20393: $? = 1
configure: failed program was:
| /* confdefs.h */
| #define PACKAGE_NAME "mesos"
| #define PACKAGE_TARNAME "mesos"
| #define PACKAGE_VERSION "1.2.0"
| #define PACKAGE_STRING "mesos 1.2.0"
| #define PACKAGE_BUGREPORT ""
| #define PACKAGE_URL ""
| #define PACKAGE "mesos"
| #define VERSION "1.2.0"
| #define STDC_HEADERS 1
| #define HAVE_SYS_TYPES_H 1
| #define HAVE_SYS_STAT_H 1
| #define HAVE_STDLIB_H 1
| #define HAVE_STRING_H 1
| #define HAVE_MEMORY_H 1
| #define HAVE_STRINGS_H 1
| #define HAVE_INTTYPES_H 1
| #define HAVE_STDINT_H 1
| #define HAVE_UNISTD_H 1
| #define HAVE_DLFCN_H 1
| #define LT_OBJDIR ".libs/"
| #define HAVE_CXX11 1
| #define HAVE_PTHREAD_PRIO_INHERIT 1
| #define HAVE_PTHREAD 1
| /* end confdefs.h.  */
| 
| /* Override any GCC internal prototype to avoid an error.
|    Use char because int might match the return type of a GCC
|    builtin and then its argument prototype would still apply.  */
| #ifdef __cplusplus
| extern "C"
| #endif
| char backtrace ();
| int
| main ()
| {
| return backtrace ();
|   ;
|   return 0;
| }
configure:20402: result: no
configure:20412: checking for main in -lgflags
configure:20431: g++ -o conftest -Wno-deprecated-declarations -Wno-unused-local-typedefs -std=c++11   conftest.cpp -lgflags   -lrt >&5
/usr/bin/ld: cannot find -lgflags
collect2: error: ld returned 1 exit status
configure:20431: $? = 1
configure: failed program was:
| /* confdefs.h */
| #define PACKAGE_NAME "mesos"
| #define PACKAGE_TARNAME "mesos"
| #define PACKAGE_VERSION "1.2.0"
| #define PACKAGE_STRING "mesos 1.2.0"
| #define PACKAGE_BUGREPORT ""
| #define PACKAGE_URL ""
| #define PACKAGE "mesos"
| #define VERSION "1.2.0"
| #define STDC_HEADERS 1
| #define HAVE_SYS_TYPES_H 1
| #define HAVE_SYS_STAT_H 1
| #define HAVE_STDLIB_H 1
| #define HAVE_STRING_H 1
| #define HAVE_MEMORY_H 1
| #define HAVE_STRINGS_H 1
| #define HAVE_INTTYPES_H 1
| #define HAVE_STDINT_H 1
| #define HAVE_UNISTD_H 1
| #define HAVE_DLFCN_H 1
| #define LT_OBJDIR ".libs/"
| #define HAVE_CXX11 1
| #define HAVE_PTHREAD_PRIO_INHERIT 1
| #define HAVE_PTHREAD 1
| /* end confdefs.h.  */
| 
| 
| int
| main ()
| {
| return main ();
|   ;
|   return 0;
| }
configure:20440: result: no
configure:20452: checking for gzread in -lz
configure:20477: g++ -o conftest -Wno-deprecated-declarations -Wno-unused-local-typedefs -std=c++11   conftest.cpp -lz   -lrt >&5
configure:20477: $? = 0
configure:20486: result: yes
configure:20547: checking for patch
configure:20563: found /usr/bin/patch
configure:20574: result: patch
configure:20606: checking fts.h usability
configure:20606: g++ -c -Wno-deprecated-declarations -Wno-unused-local-typedefs -std=c++11  conftest.cpp >&5
configure:20606: $? = 0
configure:20606: result: yes
configure:20606: checking fts.h presence
configure:20606: g++ -E  conftest.cpp
configure:20606: $? = 0
configure:20606: result: yes
configure:20606: checking for fts.h
configure:20606: result: yes
configure:20624: checking for library containing fts_close
configure:20655: g++ -o conftest -Wno-deprecated-declarations -Wno-unused-local-typedefs -std=c++11   conftest.cpp -lz  -lrt >&5
configure:20655: $? = 0
configure:20672: result: none required
configure:20720: checking apr_pools.h usability
configure:20720: g++ -c -Wno-deprecated-declarations -Wno-unused-local-typedefs -std=c++11 -I/usr/include/apr-1 -I/usr/include/apr-1.0  conftest.cpp >&5
configure:20720: $? = 0
configure:20720: result: yes
configure:20720: checking apr_pools.h presence
configure:20720: g++ -E -I/usr/include/apr-1 -I/usr/include/apr-1.0  conftest.cpp
configure:20720: $? = 0
configure:20720: result: yes
configure:20720: checking for apr_pools.h
configure:20720: result: yes
configure:20725: checking for apr_initialize in -lapr-1
configure:20750: g++ -o conftest -Wno-deprecated-declarations -Wno-unused-local-typedefs -std=c++11 -I/usr/include/apr-1 -I/usr/include/apr-1.0   conftest.cpp -lapr-1  -lz  -lrt >&5
configure:20750: $? = 0
configure:20759: result: yes
configure:20850: checking for curl_global_init in -lcurl
configure:20875: g++ -o conftest -Wno-deprecated-declarations -Wno-unused-local-typedefs -std=c++11 -I/usr/include/apr-1 -I/usr/include/apr-1.0   conftest.cpp -lcurl  -lapr-1 -lz  -lrt >&5
configure:20875: $? = 0
configure:20884: result: yes
configure:21413: checking whether or not we can build with JNI
libtool: link: g++ -Wall -Werror -I/usr/local/jdk1.8.0_77/include -I/usr/local/jdk1.8.0_77/include/linux -o conftest conftest.cpp -Wl,-ljvm  -L/usr/local/jdk1.8.0_77/jre/lib/amd64/server -Wl,-rpath -Wl,/usr/local/jdk1.8.0_77/jre/lib/amd64/server
configure:21536: result: yes
configure:21563: checking for mvn
configure:21581: found /usr/local/apache-maven-3.5.0/bin/mvn
configure:21594: result: /usr/local/apache-maven-3.5.0/bin/mvn
configure:22673: checking for sasl_done in -lsasl2
configure:22698: g++ -o conftest -Wno-deprecated-declarations -Wno-unused-local-typedefs -std=c++11 -I/usr/include/apr-1 -I/usr/include/apr-1.0   conftest.cpp -lsasl2  -lcurl -lapr-1 -lz  -lrt >&5
configure:22698: $? = 0
configure:22707: result: yes
configure:22725: checking SASL CRAM-MD5 support
configure:22794: result: yes
configure:23094: checking svn_version.h usability
configure:23094: g++ -c -Wno-deprecated-declarations -Wno-unused-local-typedefs -std=c++11 -I/usr/include/subversion-1 -I/usr/include/apr-1 -I/usr/include/apr-1.0  conftest.cpp >&5
configure:23094: $? = 0
configure:23094: result: yes
configure:23094: checking svn_version.h presence
configure:23094: g++ -E -I/usr/include/subversion-1 -I/usr/include/apr-1 -I/usr/include/apr-1.0  conftest.cpp
configure:23094: $? = 0
configure:23094: result: yes
configure:23094: checking for svn_version.h
configure:23094: result: yes
configure:23099: checking for svn_stringbuf_create_ensure in -lsvn_subr-1
configure:23124: g++ -o conftest -Wno-deprecated-declarations -Wno-unused-local-typedefs -std=c++11 -I/usr/include/subversion-1 -I/usr/include/apr-1 -I/usr/include/apr-1.0   conftest.cpp -lsvn_subr-1  -lsasl2 -lcurl -lapr-1 -lz  -lrt >&5
configure:23124: $? = 0
configure:23133: result: yes
configure:23163: checking svn_delta.h usability
configure:23163: g++ -c -Wno-deprecated-declarations -Wno-unused-local-typedefs -std=c++11 -I/usr/include/subversion-1 -I/usr/include/apr-1 -I/usr/include/apr-1.0  conftest.cpp >&5
configure:23163: $? = 0
configure:23163: result: yes
configure:23163: checking svn_delta.h presence
configure:23163: g++ -E -I/usr/include/subversion-1 -I/usr/include/apr-1 -I/usr/include/apr-1.0  conftest.cpp
configure:23163: $? = 0
configure:23163: result: yes
configure:23163: checking for svn_delta.h
configure:23163: result: yes
configure:23168: checking for svn_txdelta in -lsvn_delta-1
configure:23193: g++ -o conftest -Wno-deprecated-declarations -Wno-unused-local-typedefs -std=c++11 -I/usr/include/subversion-1 -I/usr/include/apr-1 -I/usr/include/apr-1.0   conftest.cpp -lsvn_delta-1  -lsvn_subr-1 -lsasl2 -lcurl -lapr-1 -lz  -lrt >&5
configure:23193: $? = 0
configure:23202: result: yes
configure:23231: checking whether to enable the XFS disk isolator
configure:23237: result: no
configure:23387: checking for deflate, gzread, gzwrite, inflate in -lz
configure:23412: g++ -o conftest -Wno-deprecated-declarations -Wno-unused-local-typedefs -std=c++11 -I/usr/include/subversion-1 -I/usr/include/apr-1 -I/usr/include/apr-1.0   conftest.cpp -lz  -lsvn_delta-1 -lsvn_subr-1 -lsasl2 -lcurl -lapr-1 -lz  -lrt >&5
configure:23412: $? = 0
configure:23421: result: yes
configure:23546: checking C++ standard library for undefined behaviour with selected optimization level
configure:23578: g++ -o conftest -Wno-deprecated-declarations -Wno-unused-local-typedefs -std=c++11 -I/usr/include/subversion-1 -I/usr/include/apr-1 -I/usr/include/apr-1.0   conftest.cpp -lz -lsvn_delta-1 -lsvn_subr-1 -lsasl2 -lcurl -lapr-1 -lz  -lrt >&5
configure:23578: $? = 0
configure:23578: ./conftest
configure:23578: $? = 0
configure:23580: result: no
configure:23636: checking whether python2.7 version >= 2.6
configure:23645: python2.7 -c import sys, string # split strings by '.' and convert to numeric. Append some zeros # because we need at least 4 digits for the hex conversion. minver = map(int, string.split('2.6', '.')) + [0, 0, 0] minverhex = 0 for i in xrange(0, 4): minverhex = (minverhex << 8) + minver[i] sys.exit(sys.hexversion < minverhex)
configure:23648: $? = 0
configure:23650: result: yes
configure:23745: checking for python2.7 version
configure:23752: result: 2.7
configure:23764: checking for python2.7 platform
configure:23771: result: linux2
configure:23778: checking for python2.7 script directory
configure:23786: result: ${prefix}/lib/python2.7/site-packages
configure:23795: checking for python2.7 extension module directory
configure:23803: result: ${exec_prefix}/lib64/python2.7/site-packages
configure:23826: checking for python2.7
configure:23844: found /usr/bin/python2.7
configure:23856: result: /usr/bin/python2.7
configure:23872: checking for a version of Python >= '2.1.0'
configure:23898: result: yes
configure:23906: checking for a version of Python >= '2.6'
configure:23912: result: yes
configure:23929: checking for the distutils Python package
configure:23933: result: yes
configure:23947: checking for Python include path
configure:23963: result: -I/usr/include/python2.7
configure:23970: checking for Python library path
configure:24047: result: -L/usr/lib64 -lpython2.7
configure:24054: checking for Python site-packages path
configure:24060: result: /usr/lib/python2.7/site-packages
configure:24067: checking python extra libraries
configure:24074: result: -lpthread -ldl  -lutil -lm
configure:24081: checking python extra linking flags
configure:24088: result: -Xlinker -export-dynamic
configure:24095: checking consistency of all components of python development environment
configure:24121: gcc -o conftest -g1 -O0 -Wno-unused-local-typedefs -I/usr/include/subversion-1 -I/usr/include/apr-1 -I/usr/include/apr-1.0  -I/usr/include/python2.7  conftest.c -lz -lsvn_delta-1 -lsvn_subr-1 -lsasl2 -lcurl -lapr-1 -lz  -lrt -L/usr/lib64 -lpython2.7 -Xlinker -export-dynamic -lpthread -ldl  -lutil -lm >&5
configure:24121: $? = 0
configure:24138: result: yes
configure:24167: checking whether we can build usable Python eggs
configure:24242: result: yes
configure:24273: checking for an old installation of the Mesos egg (before 0.20.0)
configure:24285: result: no
configure:24757: checking that generated files are newer than configure
configure:24763: result: done
configure:24938: creating ./config.status

## ---------------------- ##
## Running config.status. ##
## ---------------------- ##

This file was extended by mesos config.status 1.2.0, which was
generated by GNU Autoconf 2.69.  Invocation command line was

  CONFIG_FILES    = 
  CONFIG_HEADERS  = 
  CONFIG_LINKS    = 
  CONFIG_COMMANDS = 
  $ ./config.status 

on bogon

config.status:1263: creating Makefile
config.status:1263: creating mesos.pc
config.status:1263: creating src/Makefile
config.status:1263: creating 3rdparty/Makefile
config.status:1263: creating 3rdparty/libprocess/Makefile
config.status:1263: creating 3rdparty/libprocess/include/Makefile
config.status:1263: creating 3rdparty/stout/Makefile
config.status:1263: creating 3rdparty/stout/include/Makefile
config.status:1263: creating 3rdparty/gmock_sources.cc
config.status:1263: creating bin/mesos.sh
config.status:1263: creating bin/mesos-agent.sh
config.status:1263: creating bin/mesos-local.sh
config.status:1263: creating bin/mesos-master.sh
config.status:1263: creating bin/mesos-slave.sh
config.status:1263: creating bin/mesos-tests.sh
config.status:1263: creating bin/mesos-agent-flags.sh
config.status:1263: creating bin/mesos-local-flags.sh
config.status:1263: creating bin/mesos-master-flags.sh
config.status:1263: creating bin/mesos-slave-flags.sh
config.status:1263: creating bin/mesos-tests-flags.sh
config.status:1263: creating bin/gdb-mesos-agent.sh
config.status:1263: creating bin/gdb-mesos-local.sh
config.status:1263: creating bin/gdb-mesos-master.sh
config.status:1263: creating bin/gdb-mesos-slave.sh
config.status:1263: creating bin/gdb-mesos-tests.sh
config.status:1263: creating bin/lldb-mesos-agent.sh
config.status:1263: creating bin/lldb-mesos-local.sh
config.status:1263: creating bin/lldb-mesos-master.sh
config.status:1263: creating bin/lldb-mesos-slave.sh
config.status:1263: creating bin/lldb-mesos-tests.sh
config.status:1263: creating bin/valgrind-mesos-agent.sh
config.status:1263: creating bin/valgrind-mesos-local.sh
config.status:1263: creating bin/valgrind-mesos-master.sh
config.status:1263: creating bin/valgrind-mesos-slave.sh
config.status:1263: creating bin/valgrind-mesos-tests.sh
config.status:1263: creating src/deploy/mesos-daemon.sh
config.status:1263: creating src/deploy/mesos-start-agents.sh
config.status:1263: creating src/deploy/mesos-start-cluster.sh
config.status:1263: creating src/deploy/mesos-start-masters.sh
config.status:1263: creating src/deploy/mesos-start-slaves.sh
config.status:1263: creating src/deploy/mesos-stop-agents.sh
config.status:1263: creating src/deploy/mesos-stop-cluster.sh
config.status:1263: creating src/deploy/mesos-stop-masters.sh
config.status:1263: creating src/deploy/mesos-stop-slaves.sh
config.status:1263: creating include/mesos/version.hpp
config.status:1263: creating src/java/generated/org/apache/mesos/MesosNativeLibrary.java
config.status:1263: creating mpi/mpiexec-mesos
config.status:1263: creating src/examples/java/test-exception-framework
config.status:1263: creating src/examples/java/test-executor
config.status:1263: creating src/examples/java/test-framework
config.status:1263: creating src/examples/java/test-multiple-executors-framework
config.status:1263: creating src/examples/java/test-log
config.status:1263: creating src/examples/java/v1-test-framework
config.status:1263: creating src/java/mesos.pom
config.status:1263: creating src/examples/python/test-executor
config.status:1263: creating src/examples/python/test-framework
config.status:1263: creating src/python/setup.py
config.status:1263: creating src/python/cli/setup.py
config.status:1263: creating src/python/interface/setup.py
config.status:1263: creating src/python/native_common/ext_modules.py
config.status:1263: creating src/python/executor/setup.py
config.status:1263: creating src/python/native/setup.py
config.status:1263: creating src/python/scheduler/setup.py
config.status:1447: linking src/python/native_common/ext_modules.py to src/python/executor/ext_modules.py
config.status:1447: linking src/python/native_common/ext_modules.py to src/python/scheduler/ext_modules.py
config.status:1466: executing depfiles commands
config.status:1466: executing libtool commands
configure:27378: Build option summary:
    CXX:        g++
    CXXFLAGS:   -Wno-deprecated-declarations -Wno-unused-local-typedefs -std=c++11
    CPPFLAGS:   -I/usr/include/subversion-1 -I/usr/include/apr-1 -I/usr/include/apr-1.0 
    LDFLAGS:    
    LIBS:       -lz -lsvn_delta-1 -lsvn_subr-1 -lsasl2 -lcurl -lapr-1 -lz  -lrt


## ---------------- ##
## Cache variables. ##
## ---------------- ##

ac_cv_build=x86_64-unknown-linux-gnu
ac_cv_c_compiler_gnu=yes
ac_cv_cxx_compiler_gnu=yes
ac_cv_env_CCC_set=
ac_cv_env_CCC_value=
ac_cv_env_CC_set=
ac_cv_env_CC_value=
ac_cv_env_CFLAGS_set=
ac_cv_env_CFLAGS_value=
ac_cv_env_CPPFLAGS_set=
ac_cv_env_CPPFLAGS_value=
ac_cv_env_CPP_set=
ac_cv_env_CPP_value=
ac_cv_env_CXXCPP_set=
ac_cv_env_CXXCPP_value=
ac_cv_env_CXXFLAGS_set=set
ac_cv_env_CXXFLAGS_value=-Wno-deprecated-declarations
ac_cv_env_CXX_set=
ac_cv_env_CXX_value=
ac_cv_env_JAVA_CPPFLAGS_set=
ac_cv_env_JAVA_CPPFLAGS_value=
ac_cv_env_JAVA_HOME_set=set
ac_cv_env_JAVA_HOME_value=/usr/local/jdk1.8.0_77
ac_cv_env_JAVA_JVM_LIBRARY_set=
ac_cv_env_JAVA_JVM_LIBRARY_value=
ac_cv_env_LDFLAGS_set=
ac_cv_env_LDFLAGS_value=
ac_cv_env_LIBS_set=
ac_cv_env_LIBS_value=
ac_cv_env_MAVEN_HOME_set=
ac_cv_env_MAVEN_HOME_value=
ac_cv_env_PROTOBUF_JAR_set=
ac_cv_env_PROTOBUF_JAR_value=
ac_cv_env_PYTHON_VERSION_set=set
ac_cv_env_PYTHON_VERSION_value=2.7
ac_cv_env_PYTHON_set=
ac_cv_env_PYTHON_value=
ac_cv_env_TEST_DRIVER_set=
ac_cv_env_TEST_DRIVER_value=
ac_cv_env_build_alias_set=
ac_cv_env_build_alias_value=
ac_cv_env_host_alias_set=
ac_cv_env_host_alias_value=
ac_cv_env_target_alias_set=
ac_cv_env_target_alias_value=
ac_cv_header_apr_pools_h=yes
ac_cv_header_dlfcn_h=yes
ac_cv_header_fts_h=yes
ac_cv_header_inttypes_h=yes
ac_cv_header_memory_h=yes
ac_cv_header_stdc=yes
ac_cv_header_stdint_h=yes
ac_cv_header_stdlib_h=yes
ac_cv_header_string_h=yes
ac_cv_header_strings_h=yes
ac_cv_header_svn_delta_h=yes
ac_cv_header_svn_version_h=yes
ac_cv_header_sys_stat_h=yes
ac_cv_header_sys_types_h=yes
ac_cv_header_unistd_h=yes
ac_cv_host=x86_64-unknown-linux-gnu
ac_cv_lib_apr_1_apr_initialize=yes
ac_cv_lib_curl_curl_global_init=yes
ac_cv_lib_gflags_main=no
ac_cv_lib_sasl2_sasl_done=yes
ac_cv_lib_svn_delta_1_svn_txdelta=yes
ac_cv_lib_svn_subr_1_svn_stringbuf_create_ensure=yes
ac_cv_lib_unwind_backtrace=no
ac_cv_lib_z_deflate__gzread__gzwrite__inflate=yes
ac_cv_lib_z_gzread=yes
ac_cv_objext=o
ac_cv_path_EGREP='/usr/bin/grep -E'
ac_cv_path_FGREP='/usr/bin/grep -F'
ac_cv_path_GREP=/usr/bin/grep
ac_cv_path_MVN=/usr/local/apache-maven-3.5.0/bin/mvn
ac_cv_path_PYTHON=/usr/bin/python2.7
ac_cv_path_SED=/usr/bin/sed
ac_cv_path_install='/usr/bin/install -c'
ac_cv_path_mkdir=/usr/bin/mkdir
ac_cv_prog_AWK=gawk
ac_cv_prog_CPP='gcc -E'
ac_cv_prog_CXXCPP='g++ -E'
ac_cv_prog_ac_ct_AR=ar
ac_cv_prog_ac_ct_CC=gcc
ac_cv_prog_ac_ct_CXX=g++
ac_cv_prog_ac_ct_OBJDUMP=objdump
ac_cv_prog_ac_ct_PATCHCOMMAND_TEST=patch
ac_cv_prog_ac_ct_RANLIB=ranlib
ac_cv_prog_ac_ct_STRIP=strip
ac_cv_prog_cc_c89=
ac_cv_prog_cc_g=yes
ac_cv_prog_cxx_g=yes
ac_cv_prog_make_make_set=yes
ac_cv_search_fts_close='none required'
ac_cv_target=x86_64-unknown-linux-gnu
am_cv_CC_dependencies_compiler_type=gcc3
am_cv_CXX_dependencies_compiler_type=gcc3
am_cv_ar_interface=ar
am_cv_make_support_nested_variables=yes
am_cv_python_platform=linux2
am_cv_python_pyexecdir='${exec_prefix}/lib64/python2.7/site-packages'
am_cv_python_pythondir='${prefix}/lib/python2.7/site-packages'
am_cv_python_version=2.7
ax_cv_PTHREAD_PRIO_INHERIT=yes
ax_cv_check_cxxflags___fstack_protector_strong=yes
ax_cv_cxx_compile_cxx11=no
ax_cv_cxx_compile_cxx11__std_cpp11=yes
ax_cv_cxx_compiler_vendor=gnu
ax_cv_cxx_compiler_version=4.8.5
lt_cv_ar_at_file=@
lt_cv_archive_cmds_need_lc=no
lt_cv_deplibs_check_method=pass_all
lt_cv_file_magic_cmd='$MAGIC_CMD'
lt_cv_file_magic_test_file=
lt_cv_ld_reload_flag=-r
lt_cv_nm_interface='BSD nm'
lt_cv_objdir=.libs
lt_cv_path_LD=/usr/bin/ld
lt_cv_path_LDCXX='/usr/bin/ld -m elf_x86_64'
lt_cv_path_NM='/usr/bin/nm -B'
lt_cv_path_mainfest_tool=no
lt_cv_prog_compiler_c_o=yes
lt_cv_prog_compiler_c_o_CXX=yes
lt_cv_prog_compiler_pic='-fPIC -DPIC'
lt_cv_prog_compiler_pic_CXX='-fPIC -DPIC'
lt_cv_prog_compiler_pic_works=yes
lt_cv_prog_compiler_pic_works_CXX=yes
lt_cv_prog_compiler_rtti_exceptions=no
lt_cv_prog_compiler_static_works=no
lt_cv_prog_compiler_static_works_CXX=no
lt_cv_prog_gnu_ld=yes
lt_cv_prog_gnu_ldcxx=yes
lt_cv_sharedlib_from_linklib_cmd='printf %s\n'
lt_cv_shlibpath_overrides_runpath=no
lt_cv_sys_global_symbol_pipe='sed -n -e '\''s/^.*[	 ]\([ABCDGIRSTW][ABCDGIRSTW]*\)[	 ][	 ]*\([_A-Za-z][_A-Za-z0-9]*\)$/\1 \2 \2/p'\'' | sed '\''/ __gnu_lto/d'\'''
lt_cv_sys_global_symbol_to_c_name_address='sed -n -e '\''s/^: \([^ ]*\)[ ]*$/  {\"\1\", (void *) 0},/p'\'' -e '\''s/^[ABCDGIRSTW]* \([^ ]*\) \([^ ]*\)$/  {"\2", (void *) \&\2},/p'\'''
lt_cv_sys_global_symbol_to_c_name_address_lib_prefix='sed -n -e '\''s/^: \([^ ]*\)[ ]*$/  {\"\1\", (void *) 0},/p'\'' -e '\''s/^[ABCDGIRSTW]* \([^ ]*\) \(lib[^ ]*\)$/  {"\2", (void *) \&\2},/p'\'' -e '\''s/^[ABCDGIRSTW]* \([^ ]*\) \([^ ]*\)$/  {"lib\2", (void *) \&\2},/p'\'''
lt_cv_sys_global_symbol_to_cdecl='sed -n -e '\''s/^T .* \(.*\)$/extern int \1();/p'\'' -e '\''s/^[ABCDGIRSTW]* .* \(.*\)$/extern char \1;/p'\'''
lt_cv_sys_max_cmd_len=1572864
lt_cv_to_host_file_cmd=func_convert_file_noop
lt_cv_to_tool_file_cmd=func_convert_file_noop

## ----------------- ##
## Output variables. ##
## ----------------- ##

ACLOCAL='${SHELL} /home/yangyazhou/mesos-1.2.0/missing aclocal-1.13'
AMDEPBACKSLASH='\'
AMDEP_FALSE='#'
AMDEP_TRUE=''
AMTAR='$${TAR-tar}'
AM_BACKSLASH='\'
AM_DEFAULT_V='$(AM_DEFAULT_VERBOSITY)'
AM_DEFAULT_VERBOSITY='1'
AM_V='$(V)'
AR='ar'
AUTOCONF='${SHELL} /home/yangyazhou/mesos-1.2.0/missing autoconf'
AUTOHEADER='${SHELL} /home/yangyazhou/mesos-1.2.0/missing autoheader'
AUTOMAKE='${SHELL} /home/yangyazhou/mesos-1.2.0/missing automake-1.13'
AWK='gawk'
CC='gcc'
CCDEPMODE='depmode=gcc3'
CFLAGS='-g1 -O0 -Wno-unused-local-typedefs'
CONFIGURE_ARGS=' '\''CXXFLAGS=-Wno-deprecated-declarations'\'' '\''PYTHON_VERSION=2.7'\'' '\''JAVA_HOME=/usr/local/jdk1.8.0_77'\'' CXXFLAGS='\''-Wno-deprecated-declarations -Wno-unused-local-typedefs -std=c++11'\'''
CPP='gcc -E'
CPPFLAGS='-I/usr/include/subversion-1 -I/usr/include/apr-1 -I/usr/include/apr-1.0 '
CXX='g++'
CXXCPP='g++ -E'
CXXDEPMODE='depmode=gcc3'
CXXFLAGS='-Wno-deprecated-declarations -Wno-unused-local-typedefs -std=c++11'
CYGPATH_W='echo'
DEBUG_FALSE=''
DEBUG_TRUE='#'
DEFS='-DPACKAGE_NAME=\"mesos\" -DPACKAGE_TARNAME=\"mesos\" -DPACKAGE_VERSION=\"1.2.0\" -DPACKAGE_STRING=\"mesos\ 1.2.0\" -DPACKAGE_BUGREPORT=\"\" -DPACKAGE_URL=\"\" -DPACKAGE=\"mesos\" -DVERSION=\"1.2.0\" -DSTDC_HEADERS=1 -DHAVE_SYS_TYPES_H=1 -DHAVE_SYS_STAT_H=1 -DHAVE_STDLIB_H=1 -DHAVE_STRING_H=1 -DHAVE_MEMORY_H=1 -DHAVE_STRINGS_H=1 -DHAVE_INTTYPES_H=1 -DHAVE_STDINT_H=1 -DHAVE_UNISTD_H=1 -DHAVE_DLFCN_H=1 -DLT_OBJDIR=\".libs/\" -DHAVE_CXX11=1 -DHAVE_PTHREAD_PRIO_INHERIT=1 -DHAVE_PTHREAD=1 -DHAVE_LIBZ=1 -DHAVE_FTS_H=1 -DHAVE_APR_POOLS_H=1 -DHAVE_LIBAPR_1=1 -DHAVE_LIBCURL=1 -DMESOS_HAS_JAVA=1 -DHAVE_LIBSASL2=1 -DHAVE_SVN_VERSION_H=1 -DHAVE_LIBSVN_SUBR_1=1 -DHAVE_SVN_DELTA_H=1 -DHAVE_LIBSVN_DELTA_1=1 -DHAVE_LIBZ=1 -DHAVE_PYTHON=\"2.7\" -DMESOS_HAS_PYTHON=1'
DEPDIR='.deps'
DLLTOOL='false'
DSYMUTIL=''
DUMPBIN=''
ECHO_C=''
ECHO_N='-n'
ECHO_T=''
EGREP='/usr/bin/grep -E'
ENABLE_HARDENING_FALSE='#'
ENABLE_HARDENING_TRUE=''
ENABLE_LIBEVENT_FALSE=''
ENABLE_LIBEVENT_TRUE='#'
ENABLE_PYTHON_DEPENDENCY_INSTALL_FALSE='#'
ENABLE_PYTHON_DEPENDENCY_INSTALL_TRUE=''
ENABLE_SSL_FALSE=''
ENABLE_SSL_TRUE='#'
ENABLE_STATIC_LIBPROCESS_FALSE='#'
ENABLE_STATIC_LIBPROCESS_TRUE=''
ENABLE_XFS_DISK_ISOLATOR_FALSE=''
ENABLE_XFS_DISK_ISOLATOR_TRUE='#'
EXEEXT=''
FGREP='/usr/bin/grep -F'
GIT_REPO_FALSE=''
GIT_REPO_TRUE='#'
GMOCKSRC='gmock-all.cc'
GREP='/usr/bin/grep'
GTESTSRC='gtest-all.cc'
HAS_GPERFTOOLS_FALSE=''
HAS_GPERFTOOLS_TRUE='#'
HAS_JAVA_FALSE='#'
HAS_JAVA_TRUE=''
HAS_PYTHON_FALSE='#'
HAS_PYTHON_TRUE=''
HAVE_CXX11='1'
INSTALL_DATA='${INSTALL} -m 644'
INSTALL_MODULE_DEPENDENCIES_FALSE=''
INSTALL_MODULE_DEPENDENCIES_TRUE='#'
INSTALL_PROGRAM='${INSTALL}'
INSTALL_SCRIPT='${INSTALL}'
INSTALL_STRIP_PROGRAM='$(install_sh) -c -s'
INSTALL_TESTS_FALSE=''
INSTALL_TESTS_TRUE='#'
JAVA=''
JAVAC=''
JAVA_CPPFLAGS='-I/usr/local/jdk1.8.0_77/include -I/usr/local/jdk1.8.0_77/include/linux'
JAVA_HOME='/usr/local/jdk1.8.0_77'
JAVA_JVM_LIBRARY='/usr/local/jdk1.8.0_77/jre/lib/amd64/server/libjvm.so'
LD='/usr/bin/ld -m elf_x86_64'
LDFLAGS=''
LIBOBJS=''
LIBS='-lz -lsvn_delta-1 -lsvn_subr-1 -lsasl2 -lcurl -lapr-1 -lz  -lrt'
LIBTOOL='$(SHELL) $(top_builddir)/libtool'
LINKGTEST_FALSE=''
LINKGTEST_TRUE='#'
LIPO=''
LN_S='ln -s'
LTLIBOBJS=''
MAINT=''
MAINTAINER_MODE_FALSE='#'
MAINTAINER_MODE_TRUE=''
MAKEINFO='${SHELL} /home/yangyazhou/mesos-1.2.0/missing makeinfo'
MANIFEST_TOOL=':'
MAVEN_HOME=''
MESOS_MAJOR_VERSION='1'
MESOS_MINOR_VERSION='2'
MESOS_PATCH_VERSION='0'
MKDIR_P='/usr/bin/mkdir -p'
MODULE_CFLAGS=''
MODULE_LDFLAGS=''
MVN='/usr/local/apache-maven-3.5.0/bin/mvn'
NM='/usr/bin/nm -B'
NMEDIT=''
OBJDUMP='objdump'
OBJEXT='o'
OPTIMIZE_FALSE=''
OPTIMIZE_TRUE='#'
OS_FREEBSD_FALSE=''
OS_FREEBSD_TRUE='#'
OS_LINUX_FALSE='#'
OS_LINUX_TRUE=''
OTOOL64=''
OTOOL=''
PACKAGE='mesos'
PACKAGE_BUGREPORT=''
PACKAGE_NAME='mesos'
PACKAGE_STRING='mesos 1.2.0'
PACKAGE_TARNAME='mesos'
PACKAGE_URL=''
PACKAGE_VERSION='1.2.0'
PATCHCOMMAND_TEST='patch'
PATH_SEPARATOR=':'
PROTOBUF_JAR='${MESOS_BUILD_DIR}/src/java/target/protobuf-java-2.6.1.jar'
PROTOCOMPILER=''
PROTOCOMPILER_TEST=''
PTHREAD_CC='gcc'
PTHREAD_CFLAGS='-pthread'
PTHREAD_LIBS=''
PYTHON='/usr/bin/python2.7'
PYTHON_CFLAGS='-g1 -O0 -Wno-unused-local-typedefs -Wno-deprecated-declarations -Wno-unused-local-typedefs -std=c++11'
PYTHON_CPPFLAGS='-I/usr/include/subversion-1 -I/usr/include/apr-1 -I/usr/include/apr-1.0 '
PYTHON_EGG_POSTFIX='-py2.7-linux-x86_64'
PYTHON_EGG_PUREPY_POSTFIX='-py2.7'
PYTHON_EXEC_PREFIX='${exec_prefix}'
PYTHON_EXTRA_LDFLAGS='-Xlinker -export-dynamic'
PYTHON_EXTRA_LIBS='-lpthread -ldl  -lutil -lm'
PYTHON_LDFLAGS=' '
PYTHON_PLATFORM='linux2'
PYTHON_PREFIX='${prefix}'
PYTHON_SITE_PKG='/usr/lib/python2.7/site-packages'
PYTHON_VERSION='2.7'
PYTHON_WHL_POSTFIX='-cp27-none-linux_x86_64'
PYTHON_WHL_PUREPY_POSTFIX='-py2-none-any'
RANLIB='ranlib'
SED='/usr/bin/sed'
SET_MAKE=''
SHELL='/bin/sh'
STACK_PROTECTOR='-fstack-protector-strong'
STANDALONE_LIBPROCESS_FALSE=''
STANDALONE_LIBPROCESS_TRUE='#'
STANDALONE_STOUT_FALSE=''
STANDALONE_STOUT_TRUE='#'
STRIP='strip'
TEST_DRIVER=''
VERSION='1.2.0'
WITH_BUNDLED_BOOST_FALSE='#'
WITH_BUNDLED_BOOST_TRUE=''
WITH_BUNDLED_ELFIO_FALSE='#'
WITH_BUNDLED_ELFIO_TRUE=''
WITH_BUNDLED_GLOG_FALSE='#'
WITH_BUNDLED_GLOG_TRUE=''
WITH_BUNDLED_GMOCK_FALSE='#'
WITH_BUNDLED_GMOCK_TRUE=''
WITH_BUNDLED_HTTP_PARSER_FALSE='#'
WITH_BUNDLED_HTTP_PARSER_TRUE=''
WITH_BUNDLED_LEVELDB_FALSE='#'
WITH_BUNDLED_LEVELDB_TRUE=''
WITH_BUNDLED_LIBEV_FALSE='#'
WITH_BUNDLED_LIBEV_TRUE=''
WITH_BUNDLED_LIBPROCESS_FALSE='#'
WITH_BUNDLED_LIBPROCESS_TRUE=''
WITH_BUNDLED_NVML_FALSE='#'
WITH_BUNDLED_NVML_TRUE=''
WITH_BUNDLED_PICOJSON_FALSE='#'
WITH_BUNDLED_PICOJSON_TRUE=''
WITH_BUNDLED_PIP_FALSE='#'
WITH_BUNDLED_PIP_TRUE=''
WITH_BUNDLED_PROTOBUF_FALSE='#'
WITH_BUNDLED_PROTOBUF_TRUE=''
WITH_BUNDLED_SETUPTOOLS_FALSE='#'
WITH_BUNDLED_SETUPTOOLS_TRUE=''
WITH_BUNDLED_STOUT_FALSE='#'
WITH_BUNDLED_STOUT_TRUE=''
WITH_BUNDLED_WHEEL_FALSE='#'
WITH_BUNDLED_WHEEL_TRUE=''
WITH_BUNDLED_ZOOKEEPER_FALSE='#'
WITH_BUNDLED_ZOOKEEPER_TRUE=''
WITH_NETWORK_ISOLATOR_FALSE=''
WITH_NETWORK_ISOLATOR_TRUE='#'
ac_ct_AR='ar'
ac_ct_CC='gcc'
ac_ct_CXX='g++'
ac_ct_DUMPBIN=''
am__EXEEXT_FALSE=''
am__EXEEXT_TRUE='#'
am__fastdepCC_FALSE='#'
am__fastdepCC_TRUE=''
am__fastdepCXX_FALSE='#'
am__fastdepCXX_TRUE=''
am__include='include'
am__isrc=''
am__leading_dot='.'
am__nodep='_no'
am__quote=''
am__tar='$${TAR-tar} chof - "$$tardir"'
am__untar='$${TAR-tar} xf -'
ax_pthread_config=''
bindir='${exec_prefix}/bin'
build='x86_64-unknown-linux-gnu'
build_alias=''
build_cpu='x86_64'
build_os='linux-gnu'
build_vendor='unknown'
datadir='${datarootdir}'
datarootdir='${prefix}/share'
docdir='${datarootdir}/doc/${PACKAGE_TARNAME}'
dvidir='${docdir}'
exec_prefix='${prefix}'
host='x86_64-unknown-linux-gnu'
host_alias=''
host_cpu='x86_64'
host_os='linux-gnu'
host_vendor='unknown'
htmldir='${docdir}'
includedir='${prefix}/include'
infodir='${datarootdir}/info'
install_sh='${SHELL} /home/yangyazhou/mesos-1.2.0/install-sh'
libdir='${exec_prefix}/lib'
libexecdir='${exec_prefix}/libexec'
localedir='${datarootdir}/locale'
localstatedir='${prefix}/var'
mandir='${datarootdir}/man'
mkdir_p='$(MKDIR_P)'
oldincludedir='/usr/include'
pdfdir='${docdir}'
pkgpyexecdir='${pyexecdir}/mesos'
pkgpythondir='${pythondir}/mesos'
prefix='/usr/local'
program_transform_name='s,x,x,'
psdir='${docdir}'
pyexecdir='${exec_prefix}/lib64/python2.7/site-packages'
pythondir='${prefix}/lib/python2.7/site-packages'
sbindir='${exec_prefix}/sbin'
sharedstatedir='${prefix}/com'
sysconfdir='${prefix}/etc'
target='x86_64-unknown-linux-gnu'
target_alias=''
target_cpu='x86_64'
target_os='linux-gnu'
target_vendor='unknown'

## ----------- ##
## confdefs.h. ##
## ----------- ##

/* confdefs.h */
#define PACKAGE_NAME "mesos"
#define PACKAGE_TARNAME "mesos"
#define PACKAGE_VERSION "1.2.0"
#define PACKAGE_STRING "mesos 1.2.0"
#define PACKAGE_BUGREPORT ""
#define PACKAGE_URL ""
#define PACKAGE "mesos"
#define VERSION "1.2.0"
#define STDC_HEADERS 1
#define HAVE_SYS_TYPES_H 1
#define HAVE_SYS_STAT_H 1
#define HAVE_STDLIB_H 1
#define HAVE_STRING_H 1
#define HAVE_MEMORY_H 1
#define HAVE_STRINGS_H 1
#define HAVE_INTTYPES_H 1
#define HAVE_STDINT_H 1
#define HAVE_UNISTD_H 1
#define HAVE_DLFCN_H 1
#define LT_OBJDIR ".libs/"
#define HAVE_CXX11 1
#define HAVE_PTHREAD_PRIO_INHERIT 1
#define HAVE_PTHREAD 1
#define HAVE_LIBZ 1
#define HAVE_FTS_H 1
#define HAVE_APR_POOLS_H 1
#define HAVE_LIBAPR_1 1
#define HAVE_LIBCURL 1
#define MESOS_HAS_JAVA 1
#define HAVE_LIBSASL2 1
#define HAVE_SVN_VERSION_H 1
#define HAVE_LIBSVN_SUBR_1 1
#define HAVE_SVN_DELTA_H 1
#define HAVE_LIBSVN_DELTA_1 1
#define HAVE_LIBZ 1
#define HAVE_PYTHON "2.7"
#define MESOS_HAS_PYTHON 1

configure: exit 0
